<?xml version="1.0" encoding="UTF-8"?>
<!-- Generated by org.testng.reporters.JUnitReportReporter -->
<testsuite hostname="Janodya-lap" failures="0" tests="11" name="com.Optiomax.testCases.ProcurementStaffTest" time="37.649" errors="0" timestamp="2024-09-24T16:27:44 IST" skipped="0">
  <testcase classname="com.Optiomax.testCases.ProcurementStaffTest" name="testPageLoad" time="0.063"/>
  <system-out/>
  <testcase classname="com.Optiomax.testCases.ProcurementStaffTest" name="testStaffCardsDisplay" time="0.040"/>
  <system-out/>
  <testcase classname="com.Optiomax.testCases.ProcurementStaffTest" name="testAddNewMemberButton" time="3.529"/>
  <system-out/>
  <testcase classname="com.Optiomax.testCases.ProcurementStaffTest" name="testUpdateButtonFunctionality" time="3.814"/>
  <system-out/>
  <testcase classname="com.Optiomax.testCases.ProcurementStaffTest" name="testDeleteButtonFunctionality" time="6.902"/>
  <system-out/>
  <testcase classname="com.Optiomax.testCases.ProcurementStaffTest" name="testSearchFunctionalityWithValidInput" time="3.886"/>
  <system-out/>
  <testcase classname="com.Optiomax.testCases.ProcurementStaffTest" name="testErrorHandlingForNonExistentStaff" time="3.860"/>
  <system-out/>
  <testcase classname="com.Optiomax.testCases.ProcurementStaffTest" name="testSearchFunctionalityWithPartialNames" time="4.094"/>
  <system-out/>
  <testcase classname="com.Optiomax.testCases.ProcurementStaffTest" name="testToggleGridView" time="3.874"/>
  <system-out/>
  <testcase classname="com.Optiomax.testCases.ProcurementStaffTest" name="testExportCSV" time="3.807"/>
  <system-out/>
  <testcase classname="com.Optiomax.testCases.ProcurementStaffTest" name="testFilterValidCriteria" time="3.780"/>
  <system-out/>
</testsuite> <!-- com.Optiomax.testCases.ProcurementStaffTest -->
