<?xml version="1.0" encoding="UTF-8"?>
<!-- Generated by org.testng.reporters.JUnitReportReporter -->
<testsuite hostname="Janodya-lap" failures="0" tests="5" name="com.Optiomax.testCases.DeleteProcurementStaffTest" time="20.761" errors="0" timestamp="2024-09-24T15:56:13 IST" skipped="0">
  <testcase classname="com.Optiomax.testCases.DeleteProcurementStaffTest" name="deleteStaffMemberWithUnmatchedName" time="3.695"/>
  <system-out/>
  <testcase classname="com.Optiomax.testCases.DeleteProcurementStaffTest" name="deleteStaffMemberWithoutName" time="3.498"/>
  <system-out/>
  <testcase classname="com.Optiomax.testCases.DeleteProcurementStaffTest" name="deleteStaffMemberAndCancel" time="3.241"/>
  <system-out/>
  <testcase classname="com.Optiomax.testCases.DeleteProcurementStaffTest" name="closeDialogAfterCorrectStaffMemberName" time="6.690"/>
  <system-out/>
  <testcase classname="com.Optiomax.testCases.DeleteProcurementStaffTest" name="closeDialogAfterIncorrectStaffMemberName" time="3.637"/>
  <system-out/>
</testsuite> <!-- com.Optiomax.testCases.DeleteProcurementStaffTest -->
