<?xml version="1.0" encoding="UTF-8"?>
<!-- Generated by org.testng.reporters.JUnitReportReporter -->
<testsuite hostname="Janodya-lap" failures="0" tests="5" name="com.Optiomax.testCases.DeleteSupplierTest" time="23.792" errors="0" timestamp="2024-09-24T15:53:13 IST" skipped="0">
  <testcase classname="com.Optiomax.testCases.DeleteSupplierTest" name="deleteSupplierWithUnmatchedName" time="3.843"/>
  <system-out/>
  <testcase classname="com.Optiomax.testCases.DeleteSupplierTest" name="deleteSupplierWithoutName" time="3.418"/>
  <system-out/>
  <testcase classname="com.Optiomax.testCases.DeleteSupplierTest" name="deleteSupplierAndCancel" time="3.267"/>
  <system-out/>
  <testcase classname="com.Optiomax.testCases.DeleteSupplierTest" name="closeDialogAfterCorrectName" time="6.683"/>
  <system-out/>
  <testcase classname="com.Optiomax.testCases.DeleteSupplierTest" name="closeDialogAfterIncorrectName" time="6.581"/>
  <system-out/>
</testsuite> <!-- com.Optiomax.testCases.DeleteSupplierTest -->
