<?xml version="1.0" encoding="UTF-8"?>
<!-- Generated by org.testng.reporters.JUnitReportReporter -->
<testsuite hostname="Janodya-lap" failures="0" tests="2" name="com.Optiomax.testCases.AssetRecordRegisterTest" time="43.293" errors="0" timestamp="2024-09-25T16:46:30 IST" skipped="0">
  <testcase classname="com.Optiomax.testCases.AssetRecordRegisterTest" name="testAssetRecordRegister" time="21.295"/>
  <system-out/>
  <testcase classname="com.Optiomax.testCases.AssetRecordRegisterTest" name="testAssetRecordRegisterTest2" time="21.998"/>
  <system-out/>
</testsuite> <!-- com.Optiomax.testCases.AssetRecordRegisterTest -->
