<?xml version="1.0" encoding="UTF-8"?>
<!-- Generated by org.testng.reporters.JUnitReportReporter -->
<testsuite hostname="Janodya-lap" failures="0" tests="11" name="com.Optiomax.testCases.WorkflowTest" time="32.696" errors="0" timestamp="2024-09-24T16:40:26 IST" skipped="0">
  <testcase classname="com.Optiomax.testCases.WorkflowTest" name="verifyAddNewWorkflow" time="4.496"/>
  <system-out/>
  <testcase classname="com.Optiomax.testCases.WorkflowTest" name="verifyUpdateWorkflow" time="6.751"/>
  <system-out/>
  <testcase classname="com.Optiomax.testCases.WorkflowTest" name="verifyDeleteWorkflow" time="9.214"/>
  <system-out/>
  <testcase classname="com.Optiomax.testCases.WorkflowTest" name="searchWorkflow" time="6.316"/>
  <system-out/>
  <testcase classname="com.Optiomax.testCases.WorkflowTest" name="searchNoResults" time="3.336"/>
  <system-out/>
  <testcase classname="com.Optiomax.testCases.WorkflowTest" name="exportCSV" time="0.068"/>
  <system-out/>
  <testcase classname="com.Optiomax.testCases.WorkflowTest" name="exportCSVError" time="0.053"/>
  <system-out/>
  <testcase classname="com.Optiomax.testCases.WorkflowTest" name="exportCSVWithoutData" time="0.909"/>
  <system-out/>
  <testcase classname="com.Optiomax.testCases.WorkflowTest" name="toggleGridView" time="0.686"/>
  <system-out/>
  <testcase classname="com.Optiomax.testCases.WorkflowTest" name="toggleListView" time="0.728"/>
  <system-out/>
  <testcase classname="com.Optiomax.testCases.WorkflowTest" name="verifyListViewDetails" time="0.139"/>
  <system-out/>
</testsuite> <!-- com.Optiomax.testCases.WorkflowTest -->
