<?xml version="1.0" encoding="UTF-8"?>
<!-- Generated by org.testng.reporters.JUnitReportReporter -->
<testsuite hostname="Janodya-lap" failures="0" tests="10" name="com.Optiomax.testCases.ProcurementInitiateTest" time="52.514" errors="0" timestamp="2024-09-24T16:13:47 IST" skipped="0">
  <testcase classname="com.Optiomax.testCases.ProcurementInitiateTest" name="testPageLoad" time="0.046"/>
  <system-out/>
  <testcase classname="com.Optiomax.testCases.ProcurementInitiateTest" name="testProcurementInitiateCardsDisplay" time="0.029"/>
  <system-out/>
  <testcase classname="com.Optiomax.testCases.ProcurementInitiateTest" name="testAddNewProcurementInitiateButton" time="3.270"/>
  <system-out/>
  <testcase classname="com.Optiomax.testCases.ProcurementInitiateTest" name="testSearchFunctionalityWithValidInput" time="7.469"/>
  <system-out/>
  <testcase classname="com.Optiomax.testCases.ProcurementInitiateTest" name="testErrorHandlingForNonExistentProcurementID" time="6.937"/>
  <system-out/>
  <testcase classname="com.Optiomax.testCases.ProcurementInitiateTest" name="testSearchWithPartialNames" time="6.873"/>
  <system-out/>
  <testcase classname="com.Optiomax.testCases.ProcurementInitiateTest" name="testToggleGridView" time="7.303"/>
  <system-out/>
  <testcase classname="com.Optiomax.testCases.ProcurementInitiateTest" name="testToggleListView" time="6.896"/>
  <system-out/>
  <testcase classname="com.Optiomax.testCases.ProcurementInitiateTest" name="testNextPageButton" time="9.627"/>
  <system-out/>
  <testcase classname="com.Optiomax.testCases.ProcurementInitiateTest" name="testPreviousPageButton" time="4.064"/>
  <system-out/>
</testsuite> <!-- com.Optiomax.testCases.ProcurementInitiateTest -->
