<?xml version="1.0" encoding="UTF-8"?>
<!-- Generated by org.testng.reporters.JUnitReportReporter -->
<testsuite hostname="Janodya-lap" failures="0" tests="10" name="com.Optiomax.testCases.UserRolesTest" time="42.430" errors="0" timestamp="2024-09-24T12:59:40 IST" skipped="0">
  <testcase classname="com.Optiomax.testCases.UserRolesTest" name="testAddNewUserRoleButton" time="4.078"/>
  <system-out/>
  <testcase classname="com.Optiomax.testCases.UserRolesTest" name="testSearchFunctionality" time="3.859"/>
  <system-out/>
  <testcase classname="com.Optiomax.testCases.UserRolesTest" name="testPartialSearchFunctionality" time="4.252"/>
  <system-out/>
  <testcase classname="com.Optiomax.testCases.UserRolesTest" name="testSearchNoResults" time="4.194"/>
  <system-out/>
  <testcase classname="com.Optiomax.testCases.UserRolesTest" name="testExportCSV" time="3.901"/>
  <system-out/>
  <testcase classname="com.Optiomax.testCases.UserRolesTest" name="testFilterValidCriteria" time="3.753"/>
  <system-out/>
  <testcase classname="com.Optiomax.testCases.UserRolesTest" name="testToggleListView" time="3.637"/>
  <system-out/>
  <testcase classname="com.Optiomax.testCases.UserRolesTest" name="testToggleGridView" time="3.941"/>
  <system-out/>
  <testcase classname="com.Optiomax.testCases.UserRolesTest" name="testNextPageButton" time="6.997"/>
  <system-out/>
  <testcase classname="com.Optiomax.testCases.UserRolesTest" name="testPreviousPageButton" time="3.818"/>
  <system-out/>
</testsuite> <!-- com.Optiomax.testCases.UserRolesTest -->
