<?xml version="1.0" encoding="UTF-8"?>
<!-- Generated by org.testng.reporters.JUnitReportReporter -->
<testsuite hostname="Janodya-lap" failures="0" tests="6" name="com.Optiomax.testCases.DeleteAssetManagementTest" time="23.827" errors="0" timestamp="2024-09-24T09:26:56 IST" skipped="0">
  <testcase classname="com.Optiomax.testCases.DeleteAssetManagementTest" name="deleteAssetWithUnmatchedSerialNumber" time="3.636"/>
  <system-out/>
  <testcase classname="com.Optiomax.testCases.DeleteAssetManagementTest" name="deleteAssetWithoutSerialNumber" time="3.376"/>
  <system-out/>
  <testcase classname="com.Optiomax.testCases.DeleteAssetManagementTest" name="deleteAssetAndCancel" time="3.235"/>
  <system-out/>
  <testcase classname="com.Optiomax.testCases.DeleteAssetManagementTest" name="closeDialogAfterCorrectSerialNumber" time="6.394"/>
  <system-out/>
  <testcase classname="com.Optiomax.testCases.DeleteAssetManagementTest" name="closeDialogAfterIncorrectSerialNumber" time="3.358"/>
  <system-out/>
  <testcase classname="com.Optiomax.testCases.DeleteAssetManagementTest" name="deleteAssetWithSerialNumber" time="3.828"/>
  <system-out/>
</testsuite> <!-- com.Optiomax.testCases.DeleteAssetManagementTest -->
