<?xml version="1.0" encoding="UTF-8"?>
<!-- Generated by org.testng.reporters.JUnitReportReporter -->
<testsuite hostname="Janodya-lap" failures="0" tests="13" name="com.Optiomax.testCases.AssetManagementTest" time="57.881" errors="0" timestamp="2024-09-24T16:33:27 IST" skipped="0">
  <testcase classname="com.Optiomax.testCases.AssetManagementTest" name="testPageLoad" time="5.061"/>
  <system-out/>
  <testcase classname="com.Optiomax.testCases.AssetManagementTest" name="testAssetManagementCardsDisplay" time="0.029"/>
  <system-out/>
  <testcase classname="com.Optiomax.testCases.AssetManagementTest" name="testAssetRecordRegister" time="3.325"/>
  <system-out/>
  <testcase classname="com.Optiomax.testCases.AssetManagementTest" name="testSearchFunctionalityWithValidInput" time="8.796"/>
  <system-out/>
  <testcase classname="com.Optiomax.testCases.AssetManagementTest" name="testErrorHandlingForNonExistentAssetSerialNumber" time="5.879"/>
  <system-out/>
  <testcase classname="com.Optiomax.testCases.AssetManagementTest" name="testSearchWithPartialSerialNumber" time="5.836"/>
  <system-out/>
  <testcase classname="com.Optiomax.testCases.AssetManagementTest" name="testViewAssetManagement" time="6.193"/>
  <system-out/>
  <testcase classname="com.Optiomax.testCases.AssetManagementTest" name="testUpdateAssetManagement" time="7.194"/>
  <system-out/>
  <testcase classname="com.Optiomax.testCases.AssetManagementTest" name="testDeleteAssetManagement" time="6.763"/>
  <system-out/>
  <testcase classname="com.Optiomax.testCases.AssetManagementTest" name="testToggleListView" time="0.518"/>
  <system-out/>
  <testcase classname="com.Optiomax.testCases.AssetManagementTest" name="testToggleGridView" time="0.583"/>
  <system-out/>
  <testcase classname="com.Optiomax.testCases.AssetManagementTest" name="testNextPageButton" time="3.566"/>
  <system-out/>
  <testcase classname="com.Optiomax.testCases.AssetManagementTest" name="testPreviousPageButton" time="4.138"/>
  <system-out/>
</testsuite> <!-- com.Optiomax.testCases.AssetManagementTest -->
