<?xml version="1.0" encoding="UTF-8"?>
<!-- Generated by org.testng.reporters.JUnitReportReporter -->
<testsuite hostname="Janodya-lap" failures="0" tests="9" name="com.Optiomax.testCases.SupplierQuotationTest" time="28.388" errors="0" timestamp="2024-09-24T16:31:06 IST" skipped="0">
  <testcase classname="com.Optiomax.testCases.SupplierQuotationTest" name="testPageLoad" time="0.057"/>
  <system-out/>
  <testcase classname="com.Optiomax.testCases.SupplierQuotationTest" name="testSupplierQuotationCardsDisplay" time="0.047"/>
  <system-out/>
  <testcase classname="com.Optiomax.testCases.SupplierQuotationTest" name="testSearchFunctionalityWithValidProcurementID" time="4.246"/>
  <system-out/>
  <testcase classname="com.Optiomax.testCases.SupplierQuotationTest" name="testErrorHandlingForNonExistentProcurementID" time="3.973"/>
  <system-out/>
  <testcase classname="com.Optiomax.testCases.SupplierQuotationTest" name="testSearchFunctionalityWithPartialProcurementID" time="3.800"/>
  <system-out/>
  <testcase classname="com.Optiomax.testCases.SupplierQuotationTest" name="testToggleGridView" time="4.322"/>
  <system-out/>
  <testcase classname="com.Optiomax.testCases.SupplierQuotationTest" name="testToggleListView" time="3.876"/>
  <system-out/>
  <testcase classname="com.Optiomax.testCases.SupplierQuotationTest" name="testExportCSV" time="4.143"/>
  <system-out/>
  <testcase classname="com.Optiomax.testCases.SupplierQuotationTest" name="testFilterValidCriteria" time="3.924"/>
  <system-out/>
</testsuite> <!-- com.Optiomax.testCases.SupplierQuotationTest -->
