<?xml version="1.0" encoding="UTF-8"?>
<!-- Generated by org.testng.reporters.JUnitReportReporter -->
<testsuite hostname="Janodya-lap" failures="0" tests="5" name="com.Optiomax.testCases.DeleteWorkflowTest" time="23.487" errors="0" timestamp="2024-09-24T15:36:49 IST" skipped="0">
  <testcase classname="com.Optiomax.testCases.DeleteWorkflowTest" name="deleteWorkflowWithUnmatchedName" time="3.597"/>
  <system-out/>
  <testcase classname="com.Optiomax.testCases.DeleteWorkflowTest" name="deleteWorkflowWithoutName" time="3.542"/>
  <system-out/>
  <testcase classname="com.Optiomax.testCases.DeleteWorkflowTest" name="deleteWorkflowAndCancel" time="3.287"/>
  <system-out/>
  <testcase classname="com.Optiomax.testCases.DeleteWorkflowTest" name="closeDialogAfterCorrectName" time="3.529"/>
  <system-out/>
  <testcase classname="com.Optiomax.testCases.DeleteWorkflowTest" name="closeDialogAfterIncorrectName" time="9.532"/>
  <system-out/>
</testsuite> <!-- com.Optiomax.testCases.DeleteWorkflowTest -->
