<?xml version="1.0" encoding="UTF-8"?>
<!-- Generated by org.testng.reporters.JUnitReportReporter -->
<testsuite hostname="Janodya-lap" failures="0" tests="15" name="com.Optiomax.testCases.SignInTest" time="109.671" errors="0" timestamp="2024-09-24T10:29:45 IST" skipped="0">
  <testcase classname="com.Optiomax.testCases.SignInTest" name="testExceedingMaxLengthInEmail" time="7.334"/>
  <system-out/>
  <testcase classname="com.Optiomax.testCases.SignInTest" name="testLeadingTrailingSpacesInPassword" time="6.796"/>
  <system-out/>
  <testcase classname="com.Optiomax.testCases.SignInTest" name="testCorrectEmailEmptyPassword" time="6.872"/>
  <system-out/>
  <testcase classname="com.Optiomax.testCases.SignInTest" name="testLeadingTrailingSpacesInEmail" time="6.815"/>
  <system-out/>
  <testcase classname="com.Optiomax.testCases.SignInTest" name="testUnregisteredEmail" time="6.913"/>
  <system-out/>
  <testcase classname="com.Optiomax.testCases.SignInTest" name="testInvalidEmailFormat" time="6.804"/>
  <system-out/>
  <testcase classname="com.Optiomax.testCases.SignInTest" name="testRememberMeFunctionality" time="6.886"/>
  <system-out/>
  <testcase classname="com.Optiomax.testCases.SignInTest" name="testCorrectPasswordEmptyEmail" time="7.047"/>
  <system-out/>
  <testcase classname="com.Optiomax.testCases.SignInTest" name="testEmptyEmailEmptyPassword" time="6.856"/>
  <system-out/>
  <testcase classname="com.Optiomax.testCases.SignInTest" name="testCorrectEmailIncorrectPassword" time="6.739"/>
  <system-out/>
  <testcase classname="com.Optiomax.testCases.SignInTest" name="testSpecialCharactersInEmail" time="6.831"/>
  <system-out/>
  <testcase classname="com.Optiomax.testCases.SignInTest" name="validEmailAndPassword" time="11.832"/>
  <system-out/>
  <testcase classname="com.Optiomax.testCases.SignInTest" name="testExceedingMaxLengthInPassword" time="7.460"/>
  <system-out/>
  <testcase classname="com.Optiomax.testCases.SignInTest" name="testIncorrectEmailCorrectPassword" time="7.323"/>
  <system-out/>
  <testcase classname="com.Optiomax.testCases.SignInTest" name="testInvalidCharactersInEmail" time="7.163"/>
  <system-out/>
</testsuite> <!-- com.Optiomax.testCases.SignInTest -->
