<?xml version="1.0" encoding="UTF-8"?>
<!-- Generated by org.testng.reporters.JUnitReportReporter -->
<testsuite hostname="Janodya-lap" failures="0" tests="6" name="com.Optiomax.testCases.DeleteAssetManagementTest" time="24.455" errors="0" timestamp="2024-09-19T13:49:10 IST" skipped="0">
  <testcase classname="com.Optiomax.testCases.DeleteAssetManagementTest" name="deleteAssetWithUnmatchedSerialNumber" time="3.562"/>
  <system-out/>
  <testcase classname="com.Optiomax.testCases.DeleteAssetManagementTest" name="deleteAssetWithoutSerialNumber" time="3.481"/>
  <system-out/>
  <testcase classname="com.Optiomax.testCases.DeleteAssetManagementTest" name="deleteAssetAndCancel" time="3.341"/>
  <system-out/>
  <testcase classname="com.Optiomax.testCases.DeleteAssetManagementTest" name="closeDialogAfterCorrectSerialNumber" time="6.588"/>
  <system-out/>
  <testcase classname="com.Optiomax.testCases.DeleteAssetManagementTest" name="closeDialogAfterIncorrectSerialNumber" time="3.494"/>
  <system-out/>
  <testcase classname="com.Optiomax.testCases.DeleteAssetManagementTest" name="deleteAssetWithSerialNumber" time="3.989"/>
  <system-out/>
</testsuite> <!-- com.Optiomax.testCases.DeleteAssetManagementTest -->
