<?xml version="1.0" encoding="UTF-8"?>
<!-- Generated by org.testng.reporters.JUnitReportReporter -->
<testsuite hostname="Janodya-lap" failures="0" tests="12" name="com.Optiomax.testCases.SupplierTest" time="48.116" errors="0" timestamp="2024-09-24T16:29:34 IST" skipped="0">
  <testcase classname="com.Optiomax.testCases.SupplierTest" name="testPageLoad" time="0.050"/>
  <system-out/>
  <testcase classname="com.Optiomax.testCases.SupplierTest" name="testSupplierCardsDisplay" time="0.036"/>
  <system-out/>
  <testcase classname="com.Optiomax.testCases.SupplierTest" name="testAddNewSupplierButton" time="4.713"/>
  <system-out/>
  <testcase classname="com.Optiomax.testCases.SupplierTest" name="testUpdateButtonFunctionality" time="7.395"/>
  <system-out/>
  <testcase classname="com.Optiomax.testCases.SupplierTest" name="testDeleteButtonFunctionality" time="7.963"/>
  <system-out/>
  <testcase classname="com.Optiomax.testCases.SupplierTest" name="testSearchFunctionalityWithValidInput" time="4.071"/>
  <system-out/>
  <testcase classname="com.Optiomax.testCases.SupplierTest" name="testErrorHandlingForNonExistentSupplier" time="4.563"/>
  <system-out/>
  <testcase classname="com.Optiomax.testCases.SupplierTest" name="testSearchFunctionalityWithPartialNames" time="3.963"/>
  <system-out/>
  <testcase classname="com.Optiomax.testCases.SupplierTest" name="testToggleGridView" time="4.047"/>
  <system-out/>
  <testcase classname="com.Optiomax.testCases.SupplierTest" name="testToggleListView" time="3.792"/>
  <system-out/>
  <testcase classname="com.Optiomax.testCases.SupplierTest" name="testExportCSV" time="3.842"/>
  <system-out/>
  <testcase classname="com.Optiomax.testCases.SupplierTest" name="testFilterValidCriteria" time="3.681"/>
  <system-out/>
</testsuite> <!-- com.Optiomax.testCases.SupplierTest -->
