<?xml version="1.0" encoding="UTF-8"?>
<!-- Generated by org.testng.reporters.JUnitReportReporter -->
<testsuite hostname="Janodya-lap" failures="0" tests="6" name="com.Optiomax.testCases.DeleteUserRolesTest" time="24.518" errors="0" timestamp="2024-09-24T14:41:06 IST" skipped="0">
  <testcase classname="com.Optiomax.testCases.DeleteUserRolesTest" name="verifyDeletionFailureWithIncorrectInput" time="3.617"/>
  <system-out/>
  <testcase classname="com.Optiomax.testCases.DeleteUserRolesTest" name="verifyDeletionFailureWithNoInput" time="3.743"/>
  <system-out/>
  <testcase classname="com.Optiomax.testCases.DeleteUserRolesTest" name="verifyCloseButtonFunctionality" time="3.345"/>
  <system-out/>
  <testcase classname="com.Optiomax.testCases.DeleteUserRolesTest" name="verifyCloseAfterCorrectInput" time="3.648"/>
  <system-out/>
  <testcase classname="com.Optiomax.testCases.DeleteUserRolesTest" name="verifyCloseAfterIncorrectInput" time="3.573"/>
  <system-out/>
  <testcase classname="com.Optiomax.testCases.DeleteUserRolesTest" name="verifySuccessfulDeletion" time="6.592"/>
  <system-out/>
</testsuite> <!-- com.Optiomax.testCases.DeleteUserRolesTest -->
