<?xml version="1.0" encoding="UTF-8"?>
<!-- Generated by org.testng.reporters.JUnitReportReporter -->
<testsuite hostname="Janodya-lap" failures="0" tests="11" name="com.Optiomax.testCases.SidebarNavigationTest" time="70.252" errors="0" timestamp="2024-09-24T12:48:53 IST" skipped="0">
  <testcase classname="com.Optiomax.testCases.SidebarNavigationTest" name="testClickUserManagement" time="6.591"/>
  <system-out/>
  <testcase classname="com.Optiomax.testCases.SidebarNavigationTest" name="testClickRole" time="7.228"/>
  <system-out/>
  <testcase classname="com.Optiomax.testCases.SidebarNavigationTest" name="testClickUsers" time="6.774"/>
  <system-out/>
  <testcase classname="com.Optiomax.testCases.SidebarNavigationTest" name="testClickConfig" time="5.228"/>
  <system-out/>
  <testcase classname="com.Optiomax.testCases.SidebarNavigationTest" name="testClickOrganization" time="6.534"/>
  <system-out/>
  <testcase classname="com.Optiomax.testCases.SidebarNavigationTest" name="testClickWorkflow" time="6.601"/>
  <system-out/>
  <testcase classname="com.Optiomax.testCases.SidebarNavigationTest" name="testClickProcurementManagement" time="4.094"/>
  <system-out/>
  <testcase classname="com.Optiomax.testCases.SidebarNavigationTest" name="testClickAssetRequisitions" time="7.275"/>
  <system-out/>
  <testcase classname="com.Optiomax.testCases.SidebarNavigationTest" name="testClickProcurementInitiate" time="6.716"/>
  <system-out/>
  <testcase classname="com.Optiomax.testCases.SidebarNavigationTest" name="testClickProcurementStaff" time="6.612"/>
  <system-out/>
  <testcase classname="com.Optiomax.testCases.SidebarNavigationTest" name="testClickSupplier" time="6.599"/>
  <system-out/>
</testsuite> <!-- com.Optiomax.testCases.SidebarNavigationTest -->
