<?xml version="1.0" encoding="UTF-8"?>
<!-- Generated by org.testng.reporters.JUnitReportReporter -->
<testsuite hostname="Janodya-lap" failures="0" tests="11" name="com.Optiomax.testCases.UsersTest" time="45.427" errors="0" timestamp="2024-09-24T13:01:07 IST" skipped="0">
  <testcase classname="com.Optiomax.testCases.UsersTest" name="testAddNewUsersButton" time="4.108"/>
  <system-out/>
  <testcase classname="com.Optiomax.testCases.UsersTest" name="testSearchFunctionality" time="4.193"/>
  <system-out/>
  <testcase classname="com.Optiomax.testCases.UsersTest" name="testPartialSearchFunctionality" time="3.868"/>
  <system-out/>
  <testcase classname="com.Optiomax.testCases.UsersTest" name="testSearchNoResults" time="3.867"/>
  <system-out/>
  <testcase classname="com.Optiomax.testCases.UsersTest" name="testExportCSV" time="4.188"/>
  <system-out/>
  <testcase classname="com.Optiomax.testCases.UsersTest" name="testFilterValidCriteria" time="3.835"/>
  <system-out/>
  <testcase classname="com.Optiomax.testCases.UsersTest" name="testFilterNonExistingData" time="3.954"/>
  <system-out/>
  <testcase classname="com.Optiomax.testCases.UsersTest" name="testToggleListView" time="3.619"/>
  <system-out/>
  <testcase classname="com.Optiomax.testCases.UsersTest" name="testToggleGridView" time="3.629"/>
  <system-out/>
  <testcase classname="com.Optiomax.testCases.UsersTest" name="testNextPageButton" time="6.600"/>
  <system-out/>
  <testcase classname="com.Optiomax.testCases.UsersTest" name="testPreviousPageButton" time="3.566"/>
  <system-out/>
</testsuite> <!-- com.Optiomax.testCases.UsersTest -->
