<?xml version="1.0" encoding="UTF-8"?>
<!-- Generated by org.testng.reporters.JUnitReportReporter -->
<testsuite hostname="Janodya-lap" failures="0" tests="1" name="com.Optiomax.testCases.AddNewSupplierCompanyTest" time="10.856" errors="0" timestamp="2024-09-19T16:42:42 IST" skipped="0">
  <testcase classname="com.Optiomax.testCases.AddNewSupplierCompanyTest" name="testErrorMessageForMissingRequiredFields" time="10.856"/>
  <system-out/>
</testsuite> <!-- com.Optiomax.testCases.AddNewSupplierCompanyTest -->
