<?xml version="1.0" encoding="UTF-8"?>
<!-- Generated by org.testng.reporters.JUnitReportReporter -->
<testsuite hostname="Janodya-lap" failures="0" tests="5" name="com.Optiomax.testCases.DeleteUsersTest" time="20.423" errors="0" timestamp="2024-09-24T15:19:45 IST" skipped="0">
  <testcase classname="com.Optiomax.testCases.DeleteUsersTest" name="deleteUserWithUnmatchedUserName" time="3.565"/>
  <system-out/>
  <testcase classname="com.Optiomax.testCases.DeleteUsersTest" name="deleteUserWithoutUserName" time="3.356"/>
  <system-out/>
  <testcase classname="com.Optiomax.testCases.DeleteUsersTest" name="deleteUserAndCancel" time="3.202"/>
  <system-out/>
  <testcase classname="com.Optiomax.testCases.DeleteUsersTest" name="closeDialogAfterCorrectUserName" time="6.687"/>
  <system-out/>
  <testcase classname="com.Optiomax.testCases.DeleteUsersTest" name="closeDialogAfterIncorrectUserName" time="3.613"/>
  <system-out/>
</testsuite> <!-- com.Optiomax.testCases.DeleteUsersTest -->
