<?xml version="1.0" encoding="UTF-8"?>
<!-- Generated by org.testng.reporters.JUnitReportReporter -->
<testsuite hostname="Janodya-lap" failures="0" tests="6" name="com.Optiomax.testCases.DeleteProcurementStaffTest" time="24.671" errors="0" timestamp="2024-09-19T13:47:11 IST" skipped="0">
  <testcase classname="com.Optiomax.testCases.DeleteProcurementStaffTest" name="deleteStaffMemberWithUnmatchedName" time="3.691"/>
  <system-out/>
  <testcase classname="com.Optiomax.testCases.DeleteProcurementStaffTest" name="deleteStaffMemberWithoutName" time="3.602"/>
  <system-out/>
  <testcase classname="com.Optiomax.testCases.DeleteProcurementStaffTest" name="deleteStaffMemberAndCancel" time="3.291"/>
  <system-out/>
  <testcase classname="com.Optiomax.testCases.DeleteProcurementStaffTest" name="closeDialogAfterCorrectStaffMemberName" time="6.498"/>
  <system-out/>
  <testcase classname="com.Optiomax.testCases.DeleteProcurementStaffTest" name="closeDialogAfterIncorrectStaffMemberName" time="3.579"/>
  <system-out/>
  <testcase classname="com.Optiomax.testCases.DeleteProcurementStaffTest" name="deleteStaffMemberWithCorrectName" time="4.010"/>
  <system-out/>
</testsuite> <!-- com.Optiomax.testCases.DeleteProcurementStaffTest -->
